INFO 2025-07-08 20:33:49,827 autoreload 79835 124604115393408 Watching for file changes with StatReloader
INFO 2025-07-08 20:33:57,165 basehttp 79835 124603955410496 "GET /api/articles/ HTTP/1.1" 200 14067
INFO 2025-07-08 20:33:57,184 basehttp 79835 124603955410496 "GET /api/articles/ HTTP/1.1" 200 14067
INFO 2025-07-08 20:34:07,008 basehttp 79835 124603955410496 "GET /api/articles/ HTTP/1.1" 200 14067
INFO 2025-07-08 20:34:07,025 basehttp 79835 124603947017792 "GET /api/articles/ HTTP/1.1" 200 14067
INFO 2025-07-08 20:34:23,403 basehttp 79835 124603930232384 "GET /api/ HTTP/1.1" 200 175
INFO 2025-07-08 20:35:24,310 basehttp 79835 124603930232384 "GET /api/articles/ HTTP/1.1" 200 14067
INFO 2025-07-08 20:35:24,350 basehttp 79835 124603930232384 "GET /api/articles/ HTTP/1.1" 200 14067
INFO 2025-07-08 20:35:55,490 basehttp 79835 124603930232384 "GET /api/articles/ HTTP/1.1" 200 14067
INFO 2025-07-08 20:35:55,503 basehttp 79835 124603712140864 "GET /api/articles/ HTTP/1.1" 200 14067
INFO 2025-07-08 20:36:53,166 basehttp 79835 124603695355456 "GET /api/articles/ HTTP/1.1" 200 14067
INFO 2025-07-08 20:37:33,441 basehttp 79835 124603712140864 "GET /api/articles/ HTTP/1.1" 200 14067
INFO 2025-07-08 20:37:33,457 basehttp 79835 124603930232384 "GET /api/articles/ HTTP/1.1" 200 14067
INFO 2025-07-08 20:38:26,981 basehttp 79835 124603938625088 "GET /api/articles/ HTTP/1.1" 200 14067
INFO 2025-07-08 20:38:38,900 basehttp 79835 124603938625088 "GET /api/articles/ HTTP/1.1" 200 14067
INFO 2025-07-08 20:39:29,420 basehttp 79835 124603930232384 "GET /api/articles/ HTTP/1.1" 200 14067
INFO 2025-07-08 20:39:29,436 basehttp 79835 124603712140864 "GET /api/articles/ HTTP/1.1" 200 14067
INFO 2025-07-08 20:39:35,343 basehttp 79835 124603712140864 "GET /api/articles/12 HTTP/1.1" 301 0
INFO 2025-07-08 20:39:35,351 basehttp 79835 124603930232384 "GET /api/articles/12/ HTTP/1.1" 200 1393
INFO 2025-07-08 20:39:35,360 basehttp 79835 124603930232384 "GET /api/articles/12/ HTTP/1.1" 200 1393
INFO 2025-07-08 20:39:39,412 basehttp 79835 124603930232384 "GET /api/articles/ HTTP/1.1" 200 14067
INFO 2025-07-08 20:39:39,427 basehttp 79835 124603712140864 "GET /api/articles/ HTTP/1.1" 200 14067
INFO 2025-07-08 20:39:50,581 basehttp 79835 124603947017792 "GET /api/articles/ HTTP/1.1" 200 14067
INFO 2025-07-08 20:40:05,441 basehttp 79835 124603712140864 "GET /api/articles/2 HTTP/1.1" 301 0
INFO 2025-07-08 20:40:05,449 basehttp 79835 124603930232384 "GET /api/articles/2/ HTTP/1.1" 200 473
INFO 2025-07-08 20:40:05,461 basehttp 79835 124603930232384 "GET /api/articles/2/ HTTP/1.1" 200 473
INFO 2025-07-08 20:40:12,400 basehttp 79835 124603930232384 "GET /api/articles/ HTTP/1.1" 200 14067
INFO 2025-07-08 20:40:12,414 basehttp 79835 124603712140864 "GET /api/articles/ HTTP/1.1" 200 14067
INFO 2025-07-08 20:40:15,699 basehttp 79835 124603712140864 "GET /api/articles/12/ HTTP/1.1" 200 1393
INFO 2025-07-08 20:40:15,708 basehttp 79835 124603930232384 "GET /api/articles/12/ HTTP/1.1" 200 1393
INFO 2025-07-08 20:40:21,089 basehttp 79835 124603930232384 "GET /api/articles/ HTTP/1.1" 200 14067
INFO 2025-07-08 20:40:21,100 basehttp 79835 124603712140864 "GET /api/articles/ HTTP/1.1" 200 14067
INFO 2025-07-08 20:40:47,518 basehttp 79835 124603947017792 "GET /api/articles/ HTTP/1.1" 200 14067
INFO 2025-07-08 20:41:08,331 autoreload 82702 132206714739584 Watching for file changes with StatReloader
INFO 2025-07-08 20:41:31,609 basehttp 79835 124603947017792 "GET /api/articles/ HTTP/1.1" 200 14067
INFO 2025-07-08 20:41:40,417 basehttp 79835 124603712140864 "GET /api/articles/ HTTP/1.1" 200 14067
INFO 2025-07-08 20:41:40,431 basehttp 79835 124603930232384 "GET /api/articles/ HTTP/1.1" 200 14067
INFO 2025-07-08 20:42:03,831 basehttp 79835 124603712140864 "GET /api/articles/ HTTP/1.1" 200 14067
INFO 2025-07-08 20:42:03,845 basehttp 79835 124603712140864 "GET /api/articles/ HTTP/1.1" 200 14067
INFO 2025-07-08 20:42:03,957 autoreload 79835 124604115393408 /home/nedambts/DemoProject/Blog-Project-Tshimbiluni/backend/src/BlogProject/settings.py changed, reloading.
INFO 2025-07-08 20:42:04,425 autoreload 83118 131593396247424 Watching for file changes with StatReloader
INFO 2025-07-08 20:45:05,339 basehttp 83118 131593234544192 "GET /api/articles/12/ HTTP/1.1" 200 1393
INFO 2025-07-08 20:45:05,348 basehttp 83118 131593234544192 "GET /api/articles/12/ HTTP/1.1" 200 1393
INFO 2025-07-08 20:45:26,748 basehttp 83118 131593234544192 "GET /api/articles/ HTTP/1.1" 200 14067
INFO 2025-07-08 20:45:26,764 basehttp 83118 131593226151488 "GET /api/articles/ HTTP/1.1" 200 14067
INFO 2025-07-08 20:46:47,167 basehttp 83118 131593226151488 "GET /api/articles/ HTTP/1.1" 200 14067
INFO 2025-07-08 20:46:47,193 basehttp 83118 131593234544192 "GET /api/articles/ HTTP/1.1" 200 14067
INFO 2025-07-08 20:48:57,785 basehttp 83118 131593234544192 "GET /api/articles/ HTTP/1.1" 200 14067
INFO 2025-07-08 20:48:57,797 basehttp 83118 131593226151488 "GET /api/articles/ HTTP/1.1" 200 14067
INFO 2025-07-08 20:51:43,457 basehttp 83118 131593226151488 "GET /api/articles/ HTTP/1.1" 200 14067
INFO 2025-07-08 20:51:43,480 basehttp 83118 131593234544192 "GET /api/articles/ HTTP/1.1" 200 14067
INFO 2025-07-08 20:55:13,122 basehttp 83118 131593234544192 "GET /api/articles/ HTTP/1.1" 200 14067
INFO 2025-07-08 20:55:51,887 basehttp 83118 131593217758784 "GET /api/articles/ HTTP/1.1" 200 14067
INFO 2025-07-08 20:55:51,903 basehttp 83118 131593217758784 "GET /api/articles/ HTTP/1.1" 200 14067
INFO 2025-07-08 20:55:55,108 basehttp 83118 131593217758784 "GET /api/articles/12 HTTP/1.1" 301 0
INFO 2025-07-08 20:55:55,117 basehttp 83118 131593209366080 "GET /api/articles/12/ HTTP/1.1" 200 1393
INFO 2025-07-08 20:55:55,123 basehttp 83118 131593209366080 "GET /api/articles/12/ HTTP/1.1" 200 1393
INFO 2025-07-08 20:55:58,999 basehttp 83118 131593234544192 "GET /api/articles/ HTTP/1.1" 200 14067
INFO 2025-07-08 20:55:59,014 basehttp 83118 131593226151488 "GET /api/articles/ HTTP/1.1" 200 14067
INFO 2025-07-08 20:55:59,688 basehttp 83118 131593209366080 "GET /api/articles/ HTTP/1.1" 200 14067
INFO 2025-07-08 20:55:59,701 basehttp 83118 131593200973376 "GET /api/articles/ HTTP/1.1" 200 14067
INFO 2025-07-08 20:56:01,804 basehttp 83118 131593200973376 "GET /api/articles/12/ HTTP/1.1" 200 1393
INFO 2025-07-08 20:56:01,811 basehttp 83118 131593200973376 "GET /api/articles/12/ HTTP/1.1" 200 1393
INFO 2025-07-08 20:56:03,146 basehttp 83118 131593200973376 "GET /api/articles/ HTTP/1.1" 200 14067
INFO 2025-07-08 20:56:03,160 basehttp 83118 131593209366080 "GET /api/articles/ HTTP/1.1" 200 14067
INFO 2025-07-08 20:56:04,476 basehttp 83118 131593209366080 "GET /api/articles/11 HTTP/1.1" 301 0
INFO 2025-07-08 20:56:04,486 basehttp 83118 131593200973376 "GET /api/articles/11/ HTTP/1.1" 200 1296
INFO 2025-07-08 20:56:04,493 basehttp 83118 131593200973376 "GET /api/articles/11/ HTTP/1.1" 200 1296
INFO 2025-07-08 20:56:06,002 basehttp 83118 131593200973376 "GET /api/articles/ HTTP/1.1" 200 14067
INFO 2025-07-08 20:56:06,014 basehttp 83118 131593200973376 "GET /api/articles/ HTTP/1.1" 200 14067
INFO 2025-07-08 20:56:24,768 basehttp 83118 131593200973376 "GET /api/articles/7 HTTP/1.1" 301 0
INFO 2025-07-08 20:56:24,777 basehttp 83118 131593209366080 "GET /api/articles/7/ HTTP/1.1" 200 1917
INFO 2025-07-08 20:56:24,790 basehttp 83118 131593209366080 "GET /api/articles/7/ HTTP/1.1" 200 1917
INFO 2025-07-08 20:56:36,310 basehttp 83118 131593209366080 "GET /api/articles/ HTTP/1.1" 200 14067
INFO 2025-07-08 20:56:36,326 basehttp 83118 131593209366080 "GET /api/articles/ HTTP/1.1" 200 14067
INFO 2025-07-08 20:56:39,719 basehttp 83118 131593209366080 "GET /api/articles/5 HTTP/1.1" 301 0
INFO 2025-07-08 20:56:39,727 basehttp 83118 131593200973376 "GET /api/articles/5/ HTTP/1.1" 200 1917
INFO 2025-07-08 20:56:39,734 basehttp 83118 131593200973376 "GET /api/articles/5/ HTTP/1.1" 200 1917
INFO 2025-07-08 20:56:45,813 basehttp 83118 131593200973376 "GET /api/articles/5/ HTTP/1.1" 200 1917
INFO 2025-07-08 20:56:45,822 basehttp 83118 131593200973376 "GET /api/articles/5/ HTTP/1.1" 200 1917
INFO 2025-07-08 20:56:47,689 basehttp 83118 131593200973376 "GET /api/articles/ HTTP/1.1" 200 14067
INFO 2025-07-08 20:56:47,726 basehttp 83118 131593200973376 "GET /api/articles/ HTTP/1.1" 200 14067
INFO 2025-07-08 20:58:59,244 basehttp 83118 131593226151488 "GET /api/articles/ HTTP/1.1" 200 14067
INFO 2025-07-08 20:58:59,258 basehttp 83118 131593234544192 "GET /api/articles/ HTTP/1.1" 200 14067
INFO 2025-07-08 20:59:40,899 basehttp 83118 131593234544192 "GET /api/articles/12/ HTTP/1.1" 200 1393
INFO 2025-07-08 20:59:40,908 basehttp 83118 131593226151488 "GET /api/articles/12/ HTTP/1.1" 200 1393
INFO 2025-07-08 21:02:35,929 basehttp 83118 131593226151488 "GET /api/articles/ HTTP/1.1" 200 14067
INFO 2025-07-08 21:02:35,942 basehttp 83118 131593234544192 "GET /api/articles/ HTTP/1.1" 200 14067
INFO 2025-07-08 21:02:46,488 basehttp 83118 131593234544192 "GET /api/articles/ HTTP/1.1" 200 14067
INFO 2025-07-08 21:02:46,505 basehttp 83118 131593226151488 "GET /api/articles/ HTTP/1.1" 200 14067
INFO 2025-07-08 21:02:46,507 basehttp 83118 131593234544192 "GET /api/tags/ HTTP/1.1" 200 475
INFO 2025-07-08 21:02:46,554 basehttp 83118 131593226151488 "GET /api/tags/ HTTP/1.1" 200 475
INFO 2025-07-08 21:02:49,927 basehttp 83118 131593226151488 "GET /api/articles/ HTTP/1.1" 200 14067
INFO 2025-07-08 21:02:49,943 basehttp 83118 131593234544192 "GET /api/articles/ HTTP/1.1" 200 14067
INFO 2025-07-08 21:03:09,909 autoreload 89883 134604375894912 Watching for file changes with StatReloader
INFO 2025-07-08 21:05:06,144 basehttp 83118 131593234544192 "GET /api/articles/ HTTP/1.1" 200 14067
